# JRE version: Java(TM) SE Runtime Environment (17.0.9+11) (build 17.0.9+11-LTS-201)
# Java VM: Java HotSpot(TM) 64-Bit Server VM (17.0.9+11-LTS-201, mixed mode, sharing, tiered, compressed oops, compressed class ptrs, g1 gc, windows-amd64)
GC Precious Log:
 CPUs: 8 total, 8 available
 Memory: 16235M
 Large Page Support: Disabled
 NUMA Support: Disabled
 Compressed Oops: Enabled (32-bit)
 Heap Region Size: 1M
 Heap Min Capacity: 8M
 Heap Initial Capacity: 254M
 Heap Max Capacity: 2G
 Pre-touch: Disabled
 Parallel Workers: 8
 Concurrent Workers: 2
 Concurrent Refinement Workers: 8
 Periodic GC: Disabled
Heap:
 garbage-first heap   total 260096K, used 89373K [0x0000000080000000, 0x0000000100000000)
  region size 1024K, 3 young (3072K), 3 survivors (3072K)
 Metaspace       used 76601K, committed 77376K, reserved 557056K
  class space    used 10702K, committed 11072K, reserved 425984K
GC Heap History (20 events):
Event: 11.041 GC heap after
{Heap after GC invocations=20 (full 0):
 garbage-first heap   total 117760K, used 64627K [0x0000000080000000, 0x0000000100000000)
  region size 1024K, 5 young (5120K), 5 survivors (5120K)
 Metaspace       used 63245K, committed 63936K, reserved 491520K
  class space    used 8981K, committed 9280K, reserved 425984K
}
Event: 11.344 GC heap before
{Heap before GC invocations=20 (full 0):
 garbage-first heap   total 117760K, used 87155K [0x0000000080000000, 0x0000000100000000)
  region size 1024K, 29 young (29696K), 5 survivors (5120K)
 Metaspace       used 64376K, committed 65088K, reserved 491520K
  class space    used 9172K, committed 9536K, reserved 425984K
}
Event: 11.350 GC heap after
{Heap after GC invocations=21 (full 0):
 garbage-first heap   total 117760K, used 66669K [0x0000000080000000, 0x0000000100000000)
  region size 1024K, 2 young (2048K), 2 survivors (2048K)
 Metaspace       used 64376K, committed 65088K, reserved 491520K
  class space    used 9172K, committed 9536K, reserved 425984K
}
Event: 11.424 GC heap before
{Heap before GC invocations=22 (full 0):
 garbage-first heap   total 122880K, used 76909K [0x0000000080000000, 0x0000000100000000)
  region size 1024K, 10 young (10240K), 2 survivors (2048K)
 Metaspace       used 64403K, committed 65088K, reserved 491520K
  class space    used 9174K, committed 9536K, reserved 425984K
}
Event: 11.426 GC heap after
{Heap after GC invocations=23 (full 0):
 garbage-first heap   total 122880K, used 74741K [0x0000000080000000, 0x0000000100000000)
  region size 1024K, 4 young (4096K), 4 survivors (4096K)
 Metaspace       used 64403K, committed 65088K, reserved 491520K
  class space    used 9174K, committed 9536K, reserved 425984K
}
Event: 11.562 GC heap before
{Heap before GC invocations=24 (full 0):
 garbage-first heap   total 133120K, used 92149K [0x0000000080000000, 0x0000000100000000)
  region size 1024K, 21 young (21504K), 4 survivors (4096K)
 Metaspace       used 65540K, committed 66240K, reserved 491520K
  class space    used 9326K, committed 9664K, reserved 425984K
}
Event: 11.564 GC heap after
{Heap after GC invocations=25 (full 0):
 garbage-first heap   total 133120K, used 77939K [0x0000000080000000, 0x0000000100000000)
  region size 1024K, 2 young (2048K), 2 survivors (2048K)
 Metaspace       used 65540K, committed 66240K, reserved 491520K
  class space    used 9326K, committed 9664K, reserved 425984K
}
Event: 11.740 GC heap before
{Heap before GC invocations=25 (full 0):
 garbage-first heap   total 133120K, used 98419K [0x0000000080000000, 0x0000000100000000)
  region size 1024K, 23 young (23552K), 2 survivors (2048K)
 Metaspace       used 67447K, committed 68096K, reserved 491520K
  class space    used 9518K, committed 9856K, reserved 425984K
}
Event: 11.742 GC heap after
{Heap after GC invocations=26 (full 0):
 garbage-first heap   total 159744K, used 79022K [0x0000000080000000, 0x0000000100000000)
  region size 1024K, 1 young (1024K), 1 survivors (1024K)
 Metaspace       used 67447K, committed 68096K, reserved 491520K
  class space    used 9518K, committed 9856K, reserved 425984K
}
Event: 12.095 GC heap before
{Heap before GC invocations=27 (full 0):
 garbage-first heap   total 159744K, used 121006K [0x0000000080000000, 0x0000000100000000)
  region size 1024K, 36 young (36864K), 1 survivors (1024K)
 Metaspace       used 70312K, committed 70976K, reserved 491520K
  class space    used 9859K, committed 10176K, reserved 425984K
}
Event: 12.099 GC heap after
{Heap after GC invocations=28 (full 0):
 garbage-first heap   total 159744K, used 87442K [0x0000000080000000, 0x0000000100000000)
  region size 1024K, 5 young (5120K), 5 survivors (5120K)
 Metaspace       used 70312K, committed 70976K, reserved 491520K
  class space    used 9859K, committed 10176K, reserved 425984K
}
Event: 12.102 GC heap before
{Heap before GC invocations=28 (full 0):
 garbage-first heap   total 159744K, used 89490K [0x0000000080000000, 0x0000000100000000)
  region size 1024K, 7 young (7168K), 5 survivors (5120K)
 Metaspace       used 70312K, committed 70976K, reserved 491520K
  class space    used 9859K, committed 10176K, reserved 425984K
}
Event: 12.105 GC heap after
{Heap after GC invocations=29 (full 0):
 garbage-first heap   total 159744K, used 88256K [0x0000000080000000, 0x0000000100000000)
  region size 1024K, 1 young (1024K), 1 survivors (1024K)
 Metaspace       used 70312K, committed 70976K, reserved 491520K
  class space    used 9859K, committed 10176K, reserved 425984K
}
Event: 12.405 GC heap before
{Heap before GC invocations=29 (full 0):
 garbage-first heap   total 159744K, used 120000K [0x0000000080000000, 0x0000000100000000)
  region size 1024K, 32 young (32768K), 1 survivors (1024K)
 Metaspace       used 72512K, committed 73216K, reserved 491520K
  class space    used 10151K, committed 10496K, reserved 425984K
}
Event: 12.408 GC heap after
{Heap after GC invocations=30 (full 0):
 garbage-first heap   total 159744K, used 90887K [0x0000000080000000, 0x0000000100000000)
  region size 1024K, 4 young (4096K), 4 survivors (4096K)
 Metaspace       used 72512K, committed 73216K, reserved 491520K
  class space    used 10151K, committed 10496K, reserved 425984K
}
Event: 12.734 GC heap before
{Heap before GC invocations=31 (full 0):
 garbage-first heap   total 159744K, used 118535K [0x0000000080000000, 0x0000000100000000)
  region size 1024K, 35 young (35840K), 4 survivors (4096K)
 Metaspace       used 74884K, committed 75584K, reserved 491520K
  class space    used 10469K, committed 10816K, reserved 425984K
}
Event: 12.738 GC heap after
{Heap after GC invocations=32 (full 0):
 garbage-first heap   total 159744K, used 87799K [0x0000000080000000, 0x0000000100000000)
  region size 1024K, 4 young (4096K), 4 survivors (4096K)
 Metaspace       used 74884K, committed 75584K, reserved 491520K
  class space    used 10469K, committed 10816K, reserved 425984K
}
Event: 12.756 GC heap before
{Heap before GC invocations=32 (full 0):
 garbage-first heap   total 159744K, used 89847K [0x0000000080000000, 0x0000000100000000)
  region size 1024K, 7 young (7168K), 4 survivors (4096K)
 Metaspace       used 75144K, committed 75776K, reserved 491520K
  class space    used 10497K, committed 10816K, reserved 425984K
}
Event: 12.758 GC heap after
{Heap after GC invocations=33 (full 0):
 garbage-first heap   total 159744K, used 87475K [0x0000000080000000, 0x0000000100000000)
  region size 1024K, 1 young (1024K), 1 survivors (1024K)
 Metaspace       used 75144K, committed 75776K, reserved 491520K
  class space    used 10497K, committed 10816K, reserved 425984K
}
Event: 13.021 GC heap before
{Heap before GC invocations=33 (full 0):
 garbage-first heap   total 159744K, used 123315K [0x0000000080000000, 0x0000000100000000)
  region size 1024K, 36 young (36864K), 1 survivors (1024K)
 Metaspace       used 76601K, committed 77376K, reserved 557056K
  class space    used 10702K, committed 11072K, reserved 425984K
}

