# JRE version: Java(TM) SE Runtime Environment (17.0.9+11) (build 17.0.9+11-LTS-201)
# Java VM: Java HotSpot(TM) 64-Bit Server VM (17.0.9+11-LTS-201, mixed mode, sharing, tiered, compressed oops, compressed class ptrs, g1 gc, windows-amd64)
GC Precious Log:
 CPUs: 8 total, 8 available
 Memory: 16235M
 Large Page Support: Disabled
 NUMA Support: Disabled
 Compressed Oops: Enabled (Zero based)
 Heap Region Size: 2M
 Heap Min Capacity: 8M
 Heap Initial Capacity: 254M
 Heap Max Capacity: 4060M
 Pre-touch: Disabled
 Parallel Workers: 8
 Concurrent Workers: 2
 Concurrent Refinement Workers: 8
 Periodic GC: Disabled
Heap:
 garbage-first heap   total 157696K, used 77359K [0x0000000702400000, 0x0000000800000000)
  region size 2048K, 8 young (16384K), 1 survivors (2048K)
 Metaspace       used 58428K, committed 58752K, reserved 1114112K
  class space    used 6752K, committed 6912K, reserved 1048576K
GC Heap History (20 events):
Event: 4.294 GC heap before
{Heap before GC invocations=6 (full 0):
 garbage-first heap   total 75776K, used 52394K [0x0000000702400000, 0x0000000800000000)
  region size 2048K, 14 young (28672K), 1 survivors (2048K)
 Metaspace       used 32203K, committed 32448K, reserved 1114112K
  class space    used 4053K, committed 4160K, reserved 1048576K
}
Event: 4.300 GC heap after
{Heap after GC invocations=7 (full 0):
 garbage-first heap   total 75776K, used 26153K [0x0000000702400000, 0x0000000800000000)
  region size 2048K, 2 young (4096K), 2 survivors (4096K)
 Metaspace       used 32203K, committed 32448K, reserved 1114112K
  class space    used 4053K, committed 4160K, reserved 1048576K
}
Event: 4.658 GC heap before
{Heap before GC invocations=7 (full 0):
 garbage-first heap   total 75776K, used 40489K [0x0000000702400000, 0x0000000800000000)
  region size 2048K, 10 young (20480K), 2 survivors (4096K)
 Metaspace       used 35674K, committed 35968K, reserved 1114112K
  class space    used 4421K, committed 4544K, reserved 1048576K
}
Event: 4.669 GC heap after
{Heap after GC invocations=8 (full 0):
 garbage-first heap   total 126976K, used 27357K [0x0000000702400000, 0x0000000800000000)
  region size 2048K, 1 young (2048K), 1 survivors (2048K)
 Metaspace       used 35674K, committed 35968K, reserved 1114112K
  class space    used 4421K, committed 4544K, reserved 1048576K
}
Event: 6.453 GC heap before
{Heap before GC invocations=9 (full 0):
 garbage-first heap   total 102400K, used 86749K [0x0000000702400000, 0x0000000800000000)
  region size 2048K, 30 young (61440K), 1 survivors (2048K)
 Metaspace       used 41627K, committed 41920K, reserved 1114112K
  class space    used 5066K, committed 5184K, reserved 1048576K
}
Event: 6.472 GC heap after
{Heap after GC invocations=10 (full 0):
 garbage-first heap   total 102400K, used 36451K [0x0000000702400000, 0x0000000800000000)
  region size 2048K, 4 young (8192K), 4 survivors (8192K)
 Metaspace       used 41627K, committed 41920K, reserved 1114112K
  class space    used 5066K, committed 5184K, reserved 1048576K
}
Event: 6.583 GC heap before
{Heap before GC invocations=10 (full 0):
 garbage-first heap   total 102400K, used 38499K [0x0000000702400000, 0x0000000800000000)
  region size 2048K, 5 young (10240K), 4 survivors (8192K)
 Metaspace       used 41973K, committed 42240K, reserved 1114112K
  class space    used 5112K, committed 5184K, reserved 1048576K
}
Event: 6.604 GC heap after
{Heap after GC invocations=11 (full 0):
 garbage-first heap   total 102400K, used 37573K [0x0000000702400000, 0x0000000800000000)
  region size 2048K, 1 young (2048K), 1 survivors (2048K)
 Metaspace       used 41973K, committed 42240K, reserved 1114112K
  class space    used 5112K, committed 5184K, reserved 1048576K
}
Event: 9.207 GC heap before
{Heap before GC invocations=11 (full 0):
 garbage-first heap   total 102400K, used 74437K [0x0000000702400000, 0x0000000800000000)
  region size 2048K, 19 young (38912K), 1 survivors (2048K)
 Metaspace       used 49488K, committed 49792K, reserved 1114112K
  class space    used 6022K, committed 6208K, reserved 1048576K
}
Event: 9.225 GC heap after
{Heap after GC invocations=12 (full 0):
 garbage-first heap   total 102400K, used 41799K [0x0000000702400000, 0x0000000800000000)
  region size 2048K, 3 young (6144K), 3 survivors (6144K)
 Metaspace       used 49488K, committed 49792K, reserved 1114112K
  class space    used 6022K, committed 6208K, reserved 1048576K
}
Event: 11.068 GC heap before
{Heap before GC invocations=12 (full 0):
 garbage-first heap   total 102400K, used 76615K [0x0000000702400000, 0x0000000800000000)
  region size 2048K, 20 young (40960K), 3 survivors (6144K)
 Metaspace       used 52744K, committed 53120K, reserved 1114112K
  class space    used 6361K, committed 6528K, reserved 1048576K
}
Event: 11.098 GC heap after
{Heap after GC invocations=13 (full 0):
 garbage-first heap   total 102400K, used 47723K [0x0000000702400000, 0x0000000800000000)
  region size 2048K, 3 young (6144K), 3 survivors (6144K)
 Metaspace       used 52744K, committed 53120K, reserved 1114112K
  class space    used 6361K, committed 6528K, reserved 1048576K
}
Event: 12.569 GC heap before
{Heap before GC invocations=13 (full 0):
 garbage-first heap   total 102400K, used 76395K [0x0000000702400000, 0x0000000800000000)
  region size 2048K, 17 young (34816K), 3 survivors (6144K)
 Metaspace       used 53967K, committed 54272K, reserved 1114112K
  class space    used 6434K, committed 6592K, reserved 1048576K
}
Event: 12.604 GC heap after
{Heap after GC invocations=14 (full 0):
 garbage-first heap   total 102400K, used 54085K [0x0000000702400000, 0x0000000800000000)
  region size 2048K, 3 young (6144K), 3 survivors (6144K)
 Metaspace       used 53967K, committed 54272K, reserved 1114112K
  class space    used 6434K, committed 6592K, reserved 1048576K
}
Event: 13.320 GC heap before
{Heap before GC invocations=14 (full 0):
 garbage-first heap   total 102400K, used 78661K [0x0000000702400000, 0x0000000800000000)
  region size 2048K, 15 young (30720K), 3 survivors (6144K)
 Metaspace       used 54051K, committed 54400K, reserved 1114112K
  class space    used 6436K, committed 6592K, reserved 1048576K
}
Event: 13.354 GC heap after
{Heap after GC invocations=15 (full 0):
 garbage-first heap   total 157696K, used 58435K [0x0000000702400000, 0x0000000800000000)
  region size 2048K, 2 young (4096K), 2 survivors (4096K)
 Metaspace       used 54051K, committed 54400K, reserved 1114112K
  class space    used 6436K, committed 6592K, reserved 1048576K
}
Event: 15.756 GC heap before
{Heap before GC invocations=16 (full 0):
 garbage-first heap   total 157696K, used 115779K [0x0000000702400000, 0x0000000800000000)
  region size 2048K, 30 young (61440K), 2 survivors (4096K)
 Metaspace       used 57357K, committed 57728K, reserved 1114112K
  class space    used 6712K, committed 6912K, reserved 1048576K
}
Event: 15.774 GC heap after
{Heap after GC invocations=17 (full 0):
 garbage-first heap   total 157696K, used 64204K [0x0000000702400000, 0x0000000800000000)
  region size 2048K, 4 young (8192K), 4 survivors (8192K)
 Metaspace       used 57357K, committed 57728K, reserved 1114112K
  class space    used 6712K, committed 6912K, reserved 1048576K
}
Event: 15.830 GC heap before
{Heap before GC invocations=17 (full 0):
 garbage-first heap   total 157696K, used 66252K [0x0000000702400000, 0x0000000800000000)
  region size 2048K, 5 young (10240K), 4 survivors (8192K)
 Metaspace       used 57385K, committed 57728K, reserved 1114112K
  class space    used 6712K, committed 6912K, reserved 1048576K
}
Event: 15.849 GC heap after
{Heap after GC invocations=18 (full 0):
 garbage-first heap   total 157696K, used 65071K [0x0000000702400000, 0x0000000800000000)
  region size 2048K, 1 young (2048K), 1 survivors (2048K)
 Metaspace       used 57385K, committed 57728K, reserved 1114112K
  class space    used 6712K, committed 6912K, reserved 1048576K
}

