# JRE version: Java(TM) SE Runtime Environment (17.0.9+11) (build 17.0.9+11-LTS-201)
# Java VM: Java HotSpot(TM) 64-Bit Server VM (17.0.9+11-LTS-201, mixed mode, sharing, tiered, compressed oops, compressed class ptrs, g1 gc, windows-amd64)
GC Precious Log:
 CPUs: 8 total, 8 available
 Memory: 16235M
 Large Page Support: Disabled
 NUMA Support: Disabled
 Compressed Oops: Enabled (Zero based)
 Heap Region Size: 2M
 Heap Min Capacity: 8M
 Heap Initial Capacity: 254M
 Heap Max Capacity: 4060M
 Pre-touch: Disabled
 Parallel Workers: 8
 Concurrent Workers: 2
 Concurrent Refinement Workers: 8
 Periodic GC: Disabled
Heap:
 garbage-first heap   total 145408K, used 94307K [0x0000000702400000, 0x0000000800000000)
  region size 2048K, 22 young (45056K), 4 survivors (8192K)
 Metaspace       used 64598K, committed 64960K, reserved 1114112K
  class space    used 7422K, committed 7616K, reserved 1048576K
GC Heap History (20 events):
Event: 4.266 GC heap before
{Heap before GC invocations=5 (full 0):
 garbage-first heap   total 75776K, used 26834K [0x0000000702400000, 0x0000000800000000)
  region size 2048K, 4 young (8192K), 3 survivors (6144K)
 Metaspace       used 26744K, committed 27008K, reserved 1114112K
  class space    used 3580K, committed 3712K, reserved 1048576K
}
Event: 4.275 GC heap after
{Heap after GC invocations=6 (full 0):
 garbage-first heap   total 75776K, used 24503K [0x0000000702400000, 0x0000000800000000)
  region size 2048K, 1 young (2048K), 1 survivors (2048K)
 Metaspace       used 26744K, committed 27008K, reserved 1114112K
  class space    used 3580K, committed 3712K, reserved 1048576K
}
Event: 4.762 GC heap before
{Heap before GC invocations=6 (full 0):
 garbage-first heap   total 75776K, used 51127K [0x0000000702400000, 0x0000000800000000)
  region size 2048K, 14 young (28672K), 1 survivors (2048K)
 Metaspace       used 32304K, committed 32512K, reserved 1114112K
  class space    used 4086K, committed 4160K, reserved 1048576K
}
Event: 4.770 GC heap after
{Heap after GC invocations=7 (full 0):
 garbage-first heap   total 75776K, used 26550K [0x0000000702400000, 0x0000000800000000)
  region size 2048K, 2 young (4096K), 2 survivors (4096K)
 Metaspace       used 32304K, committed 32512K, reserved 1114112K
  class space    used 4086K, committed 4160K, reserved 1048576K
}
Event: 5.207 GC heap before
{Heap before GC invocations=7 (full 0):
 garbage-first heap   total 75776K, used 38838K [0x0000000702400000, 0x0000000800000000)
  region size 2048K, 9 young (18432K), 2 survivors (4096K)
 Metaspace       used 35740K, committed 35968K, reserved 1114112K
  class space    used 4429K, committed 4544K, reserved 1048576K
}
Event: 5.216 GC heap after
{Heap after GC invocations=8 (full 0):
 garbage-first heap   total 124928K, used 27648K [0x0000000702400000, 0x0000000800000000)
  region size 2048K, 1 young (2048K), 1 survivors (2048K)
 Metaspace       used 35740K, committed 35968K, reserved 1114112K
  class space    used 4429K, committed 4544K, reserved 1048576K
}
Event: 6.744 GC heap before
{Heap before GC invocations=9 (full 0):
 garbage-first heap   total 102400K, used 89088K [0x0000000702400000, 0x0000000800000000)
  region size 2048K, 30 young (61440K), 1 survivors (2048K)
 Metaspace       used 45014K, committed 45248K, reserved 1114112K
  class space    used 5616K, committed 5696K, reserved 1048576K
}
Event: 6.757 GC heap after
{Heap after GC invocations=10 (full 0):
 garbage-first heap   total 102400K, used 33628K [0x0000000702400000, 0x0000000800000000)
  region size 2048K, 3 young (6144K), 3 survivors (6144K)
 Metaspace       used 45014K, committed 45248K, reserved 1114112K
  class space    used 5616K, committed 5696K, reserved 1048576K
}
Event: 6.888 GC heap before
{Heap before GC invocations=10 (full 0):
 garbage-first heap   total 102400K, used 35676K [0x0000000702400000, 0x0000000800000000)
  region size 2048K, 4 young (8192K), 3 survivors (6144K)
 Metaspace       used 45531K, committed 45824K, reserved 1114112K
  class space    used 5683K, committed 5824K, reserved 1048576K
}
Event: 6.902 GC heap after
{Heap after GC invocations=11 (full 0):
 garbage-first heap   total 102400K, used 34011K [0x0000000702400000, 0x0000000800000000)
  region size 2048K, 1 young (2048K), 1 survivors (2048K)
 Metaspace       used 45531K, committed 45824K, reserved 1114112K
  class space    used 5683K, committed 5824K, reserved 1048576K
}
Event: 8.600 GC heap before
{Heap before GC invocations=11 (full 0):
 garbage-first heap   total 102400K, used 77019K [0x0000000702400000, 0x0000000800000000)
  region size 2048K, 22 young (45056K), 1 survivors (2048K)
 Metaspace       used 50415K, committed 50752K, reserved 1114112K
  class space    used 6219K, committed 6400K, reserved 1048576K
}
Event: 8.620 GC heap after
{Heap after GC invocations=12 (full 0):
 garbage-first heap   total 102400K, used 40362K [0x0000000702400000, 0x0000000800000000)
  region size 2048K, 3 young (6144K), 3 survivors (6144K)
 Metaspace       used 50415K, committed 50752K, reserved 1114112K
  class space    used 6219K, committed 6400K, reserved 1048576K
}
Event: 9.750 GC heap before
{Heap before GC invocations=12 (full 0):
 garbage-first heap   total 102400K, used 77226K [0x0000000702400000, 0x0000000800000000)
  region size 2048K, 21 young (43008K), 3 survivors (6144K)
 Metaspace       used 51516K, committed 51776K, reserved 1114112K
  class space    used 6257K, committed 6400K, reserved 1048576K
}
Event: 9.782 GC heap after
{Heap after GC invocations=13 (full 0):
 garbage-first heap   total 102400K, used 46675K [0x0000000702400000, 0x0000000800000000)
  region size 2048K, 3 young (6144K), 3 survivors (6144K)
 Metaspace       used 51516K, committed 51776K, reserved 1114112K
  class space    used 6257K, committed 6400K, reserved 1048576K
}
Event: 10.646 GC heap before
{Heap before GC invocations=13 (full 0):
 garbage-first heap   total 102400K, used 79443K [0x0000000702400000, 0x0000000800000000)
  region size 2048K, 19 young (38912K), 3 survivors (6144K)
 Metaspace       used 53134K, committed 53504K, reserved 1114112K
  class space    used 6428K, committed 6592K, reserved 1048576K
}
Event: 10.674 GC heap after
{Heap after GC invocations=14 (full 0):
 garbage-first heap   total 102400K, used 50684K [0x0000000702400000, 0x0000000800000000)
  region size 2048K, 2 young (4096K), 2 survivors (4096K)
 Metaspace       used 53134K, committed 53504K, reserved 1114112K
  class space    used 6428K, committed 6592K, reserved 1048576K
}
Event: 12.452 GC heap before
{Heap before GC invocations=14 (full 0):
 garbage-first heap   total 102400K, used 79356K [0x0000000702400000, 0x0000000800000000)
  region size 2048K, 16 young (32768K), 2 survivors (4096K)
 Metaspace       used 55998K, committed 56320K, reserved 1114112K
  class space    used 6677K, committed 6848K, reserved 1048576K
}
Event: 12.477 GC heap after
{Heap after GC invocations=15 (full 0):
 garbage-first heap   total 145408K, used 55117K [0x0000000702400000, 0x0000000800000000)
  region size 2048K, 2 young (4096K), 2 survivors (4096K)
 Metaspace       used 55998K, committed 56320K, reserved 1114112K
  class space    used 6677K, committed 6848K, reserved 1048576K
}
Event: 15.324 GC heap before
{Heap before GC invocations=16 (full 0):
 garbage-first heap   total 145408K, used 106317K [0x0000000702400000, 0x0000000800000000)
  region size 2048K, 27 young (55296K), 2 survivors (4096K)
 Metaspace       used 58795K, committed 59136K, reserved 1114112K
  class space    used 6846K, committed 7040K, reserved 1048576K
}
Event: 15.341 GC heap after
{Heap after GC invocations=17 (full 0):
 garbage-first heap   total 145408K, used 59491K [0x0000000702400000, 0x0000000800000000)
  region size 2048K, 4 young (8192K), 4 survivors (8192K)
 Metaspace       used 58795K, committed 59136K, reserved 1114112K
  class space    used 6846K, committed 7040K, reserved 1048576K
}

